<?xml version="1.0" encoding="UTF-8"?>
<!-- Generated by org.testng.reporters.JUnitReportReporter -->
<testsuite hostname="Miya" name="myGroup.RESTAPITest" tests="3" failures="0" timestamp="17 Aug 2018 01:43:30 GMT" time="12.266" errors="0">
  <testcase name="JiraUpdateComment" time="3.550" classname="myGroup.RESTAPITest"/>
  <testcase name="JiraAddComment" time="0.733" classname="myGroup.RESTAPITest"/>
  <testcase name="jiraCreateIssue" time="7.983" classname="myGroup.RESTAPITest"/>
</testsuite> <!-- myGroup.RESTAPITest -->
