<?xml version="1.0" encoding="UTF-8"?>
<!-- Generated by org.testng.reporters.JUnitReportReporter -->
<testsuite hostname="Miya" name="myGroup.SeleniumTest" tests="2" failures="0" timestamp="16 Aug 2018 04:54:17 GMT" time="0.000" errors="0">
  <testcase name="BroswerAutomation" time="0.000" classname="myGroup.SeleniumTest"/>
  <testcase name="elementsUi" time="0.000" classname="myGroup.SeleniumTest"/>
</testsuite> <!-- myGroup.SeleniumTest -->
