<?xml version="1.0" encoding="UTF-8"?>
<!-- Generated by org.testng.reporters.JUnitReportReporter -->
<testsuite hostname="Miya" name="myGroup.RESTAPITest" tests="3" failures="0" timestamp="17 Aug 2018 01:51:01 GMT" time="13.683" errors="0">
  <testcase name="JiraAddComment" time="0.841" classname="myGroup.RESTAPITest"/>
  <testcase name="JiraUpdateComment" time="0.583" classname="myGroup.RESTAPITest"/>
  <testcase name="jiraCreateIssue" time="12.259" classname="myGroup.RESTAPITest"/>
</testsuite> <!-- myGroup.RESTAPITest -->
