<?xml version="1.0" encoding="UTF-8"?>
<!-- Generated by org.testng.reporters.JUnitReportReporter -->
<testsuite hostname="Miya" name="myGroup.AppiumTest" tests="2" failures="0" timestamp="16 Aug 2018 04:54:17 GMT" time="0.002" errors="0">
  <testcase name="IOSApps" time="0.001" classname="myGroup.AppiumTest"/>
  <testcase name="NaiveAppAndroid" time="0.001" classname="myGroup.AppiumTest"/>
</testsuite> <!-- myGroup.AppiumTest -->
